INFO     [2021-03-29 11:07:50,1617037670] :: <module> :: 
script START
CRITICAL [2021-03-29 11:07:50,1617037670] :: <module> :: crit msg  66 
WARNING  [2021-03-29 11:07:50,1617037670] :: <module> :: warning msg  87 
DEBUG    [2021-03-29 11:07:50,1617037670] :: <module> :: maxRange == 17 
ERROR    [2021-03-29 11:07:50,1617037670] :: <module> :: rndsize1 == 17 
INFO     [2021-03-29 11:07:50,1617037670] :: <module> :: rndsize2 == 14 
DEBUG    [2021-03-29 11:07:50,1617037670] :: <module> :: size 16 : 	randomlist1	 -- [4, 13, 12, 11, 15, 9, 14, 10, 1, 16, 6, 7, 2, 3, 5, 8]
DEBUG    [2021-03-29 11:07:50,1617037670] :: <module> :: size 13 : 	randomlist2	 -- [2, 3, 16, 1, 13, 5, 14, 10, 8, 15, 11, 4, 9]

DEBUG    [2021-03-29 11:07:50,1617037670] :: intersect :: 
	a : [4, 13, 12, 11, 15, 9, 14, 10, 1, 16, 6, 7, 2, 3, 5, 8]
	b : [2, 3, 16, 1, 13, 5, 14, 10, 8, 15, 11, 4, 9]
DEBUG    [2021-03-29 11:07:50,1617037670] :: intersect :: 
	a : [4, 13, 12, 11, 15, 9, 14, 10, 1, 16, 6, 7, 2, 3, 5, 8]
	b : [2, 3, 16, 1, 13, 5, 14, 10, 8, 15, 11, 4, 9]
DEBUG    [2021-03-29 11:07:50,1617037670] :: <module> :: size 13 : 	intersection -- [1, 2, 3, 4, 5, 8, 9, 10, 11, 13, 14, 15, 16]
DEBUG    [2021-03-29 11:07:50,1617037670] :: union :: 
	a : [4, 13, 12, 11, 15, 9, 14, 10, 1, 16, 6, 7, 2, 3, 5, 8]
	b : [2, 3, 16, 1, 13, 5, 14, 10, 8, 15, 11, 4, 9]
DEBUG    [2021-03-29 11:07:50,1617037670] :: union :: 
	a : [4, 13, 12, 11, 15, 9, 14, 10, 1, 16, 6, 7, 2, 3, 5, 8]
	b : [2, 3, 16, 1, 13, 5, 14, 10, 8, 15, 11, 4, 9]
DEBUG    [2021-03-29 11:07:50,1617037670] :: <module> :: size 16 : 	union		 -- [1, 2, 3, 4, 5, 6, 7, 8, 9, 10, 11, 12, 13, 14, 15, 16]
DEBUG    [2021-03-29 11:07:50,1617037670] :: difference :: 
	a : [4, 13, 12, 11, 15, 9, 14, 10, 1, 16, 6, 7, 2, 3, 5, 8]
	b : [2, 3, 16, 1, 13, 5, 14, 10, 8, 15, 11, 4, 9]
DEBUG    [2021-03-29 11:07:50,1617037670] :: difference :: 
	a : [4, 13, 12, 11, 15, 9, 14, 10, 1, 16, 6, 7, 2, 3, 5, 8]
	b : [2, 3, 16, 1, 13, 5, 14, 10, 8, 15, 11, 4, 9]
DEBUG    [2021-03-29 11:07:50,1617037670] :: <module> :: size 3 : 	difference	 -- [12, 6, 7]
INFO     [2021-03-29 11:07:50,1617037670] :: <module> :: 
script END

INFO     [2021-03-29 14:21:49,1617049309] :: <module> :: 
script START
CRITICAL [2021-03-29 14:21:49,1617049309] :: <module> :: crit msg  66 
WARNING  [2021-03-29 14:21:49,1617049309] :: <module> :: warning msg  87 
DEBUG    [2021-03-29 14:21:49,1617049309] :: <module> :: maxRange == 20 
ERROR    [2021-03-29 14:21:49,1617049309] :: <module> :: rndsize1 == 18 
INFO     [2021-03-29 14:21:49,1617049309] :: <module> :: rndsize2 == 19 
DEBUG    [2021-03-29 14:21:49,1617049309] :: <module> :: size 17 : 	randomlist1	 -- [1, 7, 11, 13, 14, 16, 4, 3, 9, 2, 5, 17, 10, 8, 12, 19, 15]
DEBUG    [2021-03-29 14:21:49,1617049309] :: <module> :: size 18 : 	randomlist2	 -- [16, 15, 5, 11, 3, 13, 12, 8, 17, 18, 9, 2, 14, 7, 4, 6, 10, 1]

DEBUG    [2021-03-29 14:21:49,1617049309] :: intersect :: 
	a : [1, 7, 11, 13, 14, 16, 4, 3, 9, 2, 5, 17, 10, 8, 12, 19, 15]
	b : [16, 15, 5, 11, 3, 13, 12, 8, 17, 18, 9, 2, 14, 7, 4, 6, 10, 1]
DEBUG    [2021-03-29 14:21:49,1617049309] :: intersect :: 
	a : [1, 7, 11, 13, 14, 16, 4, 3, 9, 2, 5, 17, 10, 8, 12, 19, 15]
	b : [16, 15, 5, 11, 3, 13, 12, 8, 17, 18, 9, 2, 14, 7, 4, 6, 10, 1]
DEBUG    [2021-03-29 14:21:49,1617049309] :: <module> :: size 16 : 	intersection -- [1, 2, 3, 4, 5, 7, 8, 9, 10, 11, 12, 13, 14, 15, 16, 17]
DEBUG    [2021-03-29 14:21:49,1617049309] :: union :: 
	a : [1, 7, 11, 13, 14, 16, 4, 3, 9, 2, 5, 17, 10, 8, 12, 19, 15]
	b : [16, 15, 5, 11, 3, 13, 12, 8, 17, 18, 9, 2, 14, 7, 4, 6, 10, 1]
DEBUG    [2021-03-29 14:21:49,1617049309] :: union :: 
	a : [1, 7, 11, 13, 14, 16, 4, 3, 9, 2, 5, 17, 10, 8, 12, 19, 15]
	b : [16, 15, 5, 11, 3, 13, 12, 8, 17, 18, 9, 2, 14, 7, 4, 6, 10, 1]
DEBUG    [2021-03-29 14:21:49,1617049309] :: <module> :: size 19 : 	union		 -- [1, 2, 3, 4, 5, 6, 7, 8, 9, 10, 11, 12, 13, 14, 15, 16, 17, 18, 19]
DEBUG    [2021-03-29 14:21:49,1617049309] :: difference :: 
	a : [1, 7, 11, 13, 14, 16, 4, 3, 9, 2, 5, 17, 10, 8, 12, 19, 15]
	b : [16, 15, 5, 11, 3, 13, 12, 8, 17, 18, 9, 2, 14, 7, 4, 6, 10, 1]
DEBUG    [2021-03-29 14:21:49,1617049309] :: difference :: 
	a : [1, 7, 11, 13, 14, 16, 4, 3, 9, 2, 5, 17, 10, 8, 12, 19, 15]
	b : [16, 15, 5, 11, 3, 13, 12, 8, 17, 18, 9, 2, 14, 7, 4, 6, 10, 1]
DEBUG    [2021-03-29 14:21:49,1617049309] :: <module> :: size 3 : 	difference	 -- [19, 18, 6]
INFO     [2021-03-29 14:21:49,1617049309] :: <module> :: 
script END

INFO     [2021-03-29 14:22:25,1617049345] :: <module> :: 
script START
CRITICAL [2021-03-29 14:22:25,1617049345] :: <module> :: crit msg  66 
WARNING  [2021-03-29 14:22:25,1617049345] :: <module> :: warning msg  87 
DEBUG    [2021-03-29 14:22:25,1617049345] :: <module> :: maxRange == 17 
ERROR    [2021-03-29 14:22:25,1617049345] :: <module> :: rndsize1 == 13 
INFO     [2021-03-29 14:22:25,1617049345] :: <module> :: rndsize2 == 16 
DEBUG    [2021-03-29 14:22:25,1617049345] :: <module> :: size 12 : 	randomlist1	 -- [8, 10, 2, 16, 4, 12, 14, 11, 6, 1, 3, 5]
DEBUG    [2021-03-29 14:22:25,1617049345] :: <module> :: size 15 : 	randomlist2	 -- [3, 16, 6, 10, 4, 1, 5, 7, 14, 2, 12, 11, 9, 13, 8]

DEBUG    [2021-03-29 14:22:25,1617049345] :: intersect :: 
	a : [8, 10, 2, 16, 4, 12, 14, 11, 6, 1, 3, 5]
	b : [3, 16, 6, 10, 4, 1, 5, 7, 14, 2, 12, 11, 9, 13, 8]
DEBUG    [2021-03-29 14:22:25,1617049345] :: intersect :: 
	a : [8, 10, 2, 16, 4, 12, 14, 11, 6, 1, 3, 5]
	b : [3, 16, 6, 10, 4, 1, 5, 7, 14, 2, 12, 11, 9, 13, 8]
DEBUG    [2021-03-29 14:22:25,1617049345] :: <module> :: size 12 : 	intersection -- [1, 2, 3, 4, 5, 6, 8, 10, 11, 12, 14, 16]
DEBUG    [2021-03-29 14:22:25,1617049345] :: union :: 
	a : [8, 10, 2, 16, 4, 12, 14, 11, 6, 1, 3, 5]
	b : [3, 16, 6, 10, 4, 1, 5, 7, 14, 2, 12, 11, 9, 13, 8]
DEBUG    [2021-03-29 14:22:25,1617049345] :: union :: 
	a : [8, 10, 2, 16, 4, 12, 14, 11, 6, 1, 3, 5]
	b : [3, 16, 6, 10, 4, 1, 5, 7, 14, 2, 12, 11, 9, 13, 8]
DEBUG    [2021-03-29 14:22:25,1617049345] :: <module> :: size 15 : 	union		 -- [1, 2, 3, 4, 5, 6, 7, 8, 9, 10, 11, 12, 13, 14, 16]
DEBUG    [2021-03-29 14:22:25,1617049345] :: difference :: 
	a : [8, 10, 2, 16, 4, 12, 14, 11, 6, 1, 3, 5]
	b : [3, 16, 6, 10, 4, 1, 5, 7, 14, 2, 12, 11, 9, 13, 8]
DEBUG    [2021-03-29 14:22:25,1617049345] :: difference :: 
	a : [8, 10, 2, 16, 4, 12, 14, 11, 6, 1, 3, 5]
	b : [3, 16, 6, 10, 4, 1, 5, 7, 14, 2, 12, 11, 9, 13, 8]
DEBUG    [2021-03-29 14:22:25,1617049345] :: <module> :: size 3 : 	difference	 -- [9, 13, 7]
INFO     [2021-03-29 14:22:25,1617049345] :: <module> :: 
script END

INFO     [2021-03-29 14:23:08,1617049388] :: <module> :: 
script START
CRITICAL [2021-03-29 14:23:08,1617049388] :: <module> :: crit msg  66 
WARNING  [2021-03-29 14:23:08,1617049388] :: <module> :: warning msg  87 
DEBUG    [2021-03-29 14:23:08,1617049388] :: <module> :: maxRange == 15 
ERROR    [2021-03-29 14:23:08,1617049388] :: <module> :: rndsize1 == 9 
INFO     [2021-03-29 14:23:08,1617049388] :: <module> :: rndsize2 == 10 
DEBUG    [2021-03-29 14:23:08,1617049388] :: <module> :: size 8 : 	randomlist1	 -- [14, 6, 8, 11, 9, 12, 1, 7]
DEBUG    [2021-03-29 14:23:08,1617049388] :: <module> :: size 9 : 	randomlist2	 -- [5, 8, 2, 6, 7, 13, 11, 12, 14]

DEBUG    [2021-03-29 14:23:08,1617049388] :: intersect :: 
	a : [14, 6, 8, 11, 9, 12, 1, 7]
	b : [5, 8, 2, 6, 7, 13, 11, 12, 14]
DEBUG    [2021-03-29 14:23:08,1617049388] :: intersect :: 
	a : [14, 6, 8, 11, 9, 12, 1, 7]
	b : [5, 8, 2, 6, 7, 13, 11, 12, 14]
DEBUG    [2021-03-29 14:23:08,1617049388] :: <module> :: size 6 : 	intersection -- [6, 7, 8, 11, 12, 14]
DEBUG    [2021-03-29 14:23:08,1617049388] :: union :: 
	a : [14, 6, 8, 11, 9, 12, 1, 7]
	b : [5, 8, 2, 6, 7, 13, 11, 12, 14]
DEBUG    [2021-03-29 14:23:08,1617049388] :: union :: 
	a : [14, 6, 8, 11, 9, 12, 1, 7]
	b : [5, 8, 2, 6, 7, 13, 11, 12, 14]
DEBUG    [2021-03-29 14:23:08,1617049388] :: <module> :: size 11 : 	union		 -- [1, 2, 5, 6, 7, 8, 9, 11, 12, 13, 14]
DEBUG    [2021-03-29 14:23:08,1617049388] :: difference :: 
	a : [14, 6, 8, 11, 9, 12, 1, 7]
	b : [5, 8, 2, 6, 7, 13, 11, 12, 14]
DEBUG    [2021-03-29 14:23:08,1617049388] :: difference :: 
	a : [14, 6, 8, 11, 9, 12, 1, 7]
	b : [5, 8, 2, 6, 7, 13, 11, 12, 14]
DEBUG    [2021-03-29 14:23:08,1617049388] :: <module> :: size 5 : 	difference	 -- [1, 9, 2, 13, 5]
INFO     [2021-03-29 14:23:08,1617049388] :: <module> :: 
script END

INFO     [2021-03-29 14:23:19,1617049399] :: <module> :: 
script START
CRITICAL [2021-03-29 14:23:19,1617049399] :: <module> :: crit msg  66 
WARNING  [2021-03-29 14:23:19,1617049399] :: <module> :: warning msg  87 
DEBUG    [2021-03-29 14:23:19,1617049399] :: <module> :: maxRange == 15 
ERROR    [2021-03-29 14:23:19,1617049399] :: <module> :: rndsize1 == 8 
INFO     [2021-03-29 14:23:19,1617049399] :: <module> :: rndsize2 == 8 
DEBUG    [2021-03-29 14:23:19,1617049399] :: <module> :: size 7 : 	randomlist1	 -- [7, 3, 5, 13, 11, 2, 9]
DEBUG    [2021-03-29 14:23:19,1617049399] :: <module> :: size 7 : 	randomlist2	 -- [6, 8, 12, 10, 9, 1, 3]

DEBUG    [2021-03-29 14:23:19,1617049399] :: intersect :: 
	a : [7, 3, 5, 13, 11, 2, 9]
	b : [6, 8, 12, 10, 9, 1, 3]
DEBUG    [2021-03-29 14:23:19,1617049399] :: intersect :: 
	a : [7, 3, 5, 13, 11, 2, 9]
	b : [6, 8, 12, 10, 9, 1, 3]
DEBUG    [2021-03-29 14:23:19,1617049399] :: <module> :: size 2 : 	intersection -- [9, 3]
DEBUG    [2021-03-29 14:23:19,1617049399] :: union :: 
	a : [7, 3, 5, 13, 11, 2, 9]
	b : [6, 8, 12, 10, 9, 1, 3]
DEBUG    [2021-03-29 14:23:19,1617049399] :: union :: 
	a : [7, 3, 5, 13, 11, 2, 9]
	b : [6, 8, 12, 10, 9, 1, 3]
DEBUG    [2021-03-29 14:23:19,1617049399] :: <module> :: size 12 : 	union		 -- [1, 2, 3, 5, 6, 7, 8, 9, 10, 11, 12, 13]
DEBUG    [2021-03-29 14:23:19,1617049399] :: difference :: 
	a : [7, 3, 5, 13, 11, 2, 9]
	b : [6, 8, 12, 10, 9, 1, 3]
DEBUG    [2021-03-29 14:23:19,1617049399] :: difference :: 
	a : [7, 3, 5, 13, 11, 2, 9]
	b : [6, 8, 12, 10, 9, 1, 3]
DEBUG    [2021-03-29 14:23:19,1617049399] :: <module> :: size 10 : 	difference	 -- [2, 5, 7, 11, 13, 1, 6, 8, 10, 12]
INFO     [2021-03-29 14:23:19,1617049399] :: <module> :: 
script END

INFO     [2021-03-29 14:23:38,1617049418] :: <module> :: 
script START
CRITICAL [2021-03-29 14:23:38,1617049418] :: <module> :: crit msg  66 
WARNING  [2021-03-29 14:23:38,1617049418] :: <module> :: warning msg  87 
DEBUG    [2021-03-29 14:23:38,1617049418] :: <module> :: maxRange == 19 
ERROR    [2021-03-29 14:23:38,1617049418] :: <module> :: rndsize1 == 13 
INFO     [2021-03-29 14:23:38,1617049418] :: <module> :: rndsize2 == 13 
DEBUG    [2021-03-29 14:23:38,1617049418] :: <module> :: size 12 : 	randomlist1	 -- [12, 13, 18, 11, 4, 7, 1, 9, 8, 5, 3, 14]
DEBUG    [2021-03-29 14:23:38,1617049418] :: <module> :: size 12 : 	randomlist2	 -- [11, 2, 7, 14, 6, 3, 8, 10, 16, 13, 9, 5]

DEBUG    [2021-03-29 14:23:38,1617049418] :: intersect :: 
	a : [12, 13, 18, 11, 4, 7, 1, 9, 8, 5, 3, 14]
	b : [11, 2, 7, 14, 6, 3, 8, 10, 16, 13, 9, 5]
DEBUG    [2021-03-29 14:23:38,1617049418] :: intersect :: 
	a : [12, 13, 18, 11, 4, 7, 1, 9, 8, 5, 3, 14]
	b : [11, 2, 7, 14, 6, 3, 8, 10, 16, 13, 9, 5]
DEBUG    [2021-03-29 14:23:38,1617049418] :: <module> :: size 8 : 	intersection -- [3, 5, 7, 8, 9, 11, 13, 14]
DEBUG    [2021-03-29 14:23:38,1617049418] :: union :: 
	a : [12, 13, 18, 11, 4, 7, 1, 9, 8, 5, 3, 14]
	b : [11, 2, 7, 14, 6, 3, 8, 10, 16, 13, 9, 5]
DEBUG    [2021-03-29 14:23:38,1617049418] :: union :: 
	a : [12, 13, 18, 11, 4, 7, 1, 9, 8, 5, 3, 14]
	b : [11, 2, 7, 14, 6, 3, 8, 10, 16, 13, 9, 5]
DEBUG    [2021-03-29 14:23:38,1617049418] :: <module> :: size 16 : 	union		 -- [1, 2, 3, 4, 5, 6, 7, 8, 9, 10, 11, 12, 13, 14, 16, 18]
DEBUG    [2021-03-29 14:23:38,1617049418] :: difference :: 
	a : [12, 13, 18, 11, 4, 7, 1, 9, 8, 5, 3, 14]
	b : [11, 2, 7, 14, 6, 3, 8, 10, 16, 13, 9, 5]
DEBUG    [2021-03-29 14:23:38,1617049418] :: difference :: 
	a : [12, 13, 18, 11, 4, 7, 1, 9, 8, 5, 3, 14]
	b : [11, 2, 7, 14, 6, 3, 8, 10, 16, 13, 9, 5]
DEBUG    [2021-03-29 14:23:38,1617049418] :: <module> :: size 8 : 	difference	 -- [1, 18, 4, 12, 16, 2, 10, 6]
INFO     [2021-03-29 14:23:38,1617049418] :: <module> :: 
script END

INFO     [2021-03-29 14:29:01,1617049741] :: <module> :: 
script START
CRITICAL [2021-03-29 14:29:01,1617049741] :: <module> :: crit msg  66 
WARNING  [2021-03-29 14:29:01,1617049741] :: <module> :: warning msg  87 
DEBUG    [2021-03-29 14:29:01,1617049741] :: <module> :: maxRange == 16 
ERROR    [2021-03-29 14:29:01,1617049741] :: <module> :: rndsize1 == 12 
INFO     [2021-03-29 14:29:01,1617049741] :: <module> :: rndsize2 == 13 
DEBUG    [2021-03-29 14:29:01,1617049741] :: <module> :: size 11 : 	randomlist1	 -- [10, 11, 6, 14, 1, 2, 5, 3, 7, 15, 9]
DEBUG    [2021-03-29 14:29:01,1617049741] :: <module> :: size 12 : 	randomlist2	 -- [3, 9, 7, 13, 8, 10, 2, 11, 15, 14, 12, 6]

DEBUG    [2021-03-29 14:29:01,1617049741] :: intersect :: 
	a : [10, 11, 6, 14, 1, 2, 5, 3, 7, 15, 9]
	b : [3, 9, 7, 13, 8, 10, 2, 11, 15, 14, 12, 6]
DEBUG    [2021-03-29 14:29:01,1617049741] :: intersect :: 
	a : [10, 11, 6, 14, 1, 2, 5, 3, 7, 15, 9]
	b : [3, 9, 7, 13, 8, 10, 2, 11, 15, 14, 12, 6]
DEBUG    [2021-03-29 14:29:01,1617049741] :: <module> :: size 9 : 	intersection -- [2, 3, 6, 7, 9, 10, 11, 14, 15]
DEBUG    [2021-03-29 14:29:01,1617049741] :: union :: 
	a : [10, 11, 6, 14, 1, 2, 5, 3, 7, 15, 9]
	b : [3, 9, 7, 13, 8, 10, 2, 11, 15, 14, 12, 6]
DEBUG    [2021-03-29 14:29:01,1617049741] :: union :: 
	a : [10, 11, 6, 14, 1, 2, 5, 3, 7, 15, 9]
	b : [3, 9, 7, 13, 8, 10, 2, 11, 15, 14, 12, 6]
DEBUG    [2021-03-29 14:29:01,1617049741] :: <module> :: size 14 : 	union		 -- [1, 2, 3, 5, 6, 7, 8, 9, 10, 11, 12, 13, 14, 15]
DEBUG    [2021-03-29 14:29:01,1617049741] :: difference :: 
	a : [10, 11, 6, 14, 1, 2, 5, 3, 7, 15, 9]
	b : [3, 9, 7, 13, 8, 10, 2, 11, 15, 14, 12, 6]
DEBUG    [2021-03-29 14:29:01,1617049741] :: difference :: 
	a : [10, 11, 6, 14, 1, 2, 5, 3, 7, 15, 9]
	b : [3, 9, 7, 13, 8, 10, 2, 11, 15, 14, 12, 6]
DEBUG    [2021-03-29 14:29:01,1617049741] :: <module> :: size 5 : 	difference	 -- [1, 5, 8, 12, 13]
INFO     [2021-03-29 14:29:01,1617049741] :: <module> :: 
script END

INFO     [2021-03-29 14:29:22,1617049762] :: <module> :: 
script START
CRITICAL [2021-03-29 14:29:22,1617049762] :: <module> :: crit msg  66 
WARNING  [2021-03-29 14:29:22,1617049762] :: <module> :: warning msg  87 
DEBUG    [2021-03-29 14:29:22,1617049762] :: <module> :: maxRange == 19 
ERROR    [2021-03-29 14:29:22,1617049762] :: <module> :: rndsize1 == 17 
INFO     [2021-03-29 14:29:22,1617049762] :: <module> :: rndsize2 == 10 
DEBUG    [2021-03-29 14:29:22,1617049762] :: <module> :: size 16 : 	randomlist1	 -- [3, 7, 5, 8, 13, 9, 18, 4, 6, 1, 11, 16, 12, 14, 15, 10]
DEBUG    [2021-03-29 14:29:22,1617049762] :: <module> :: size 9 : 	randomlist2	 -- [1, 4, 16, 9, 11, 15, 3, 13, 18]

DEBUG    [2021-03-29 14:29:22,1617049762] :: intersect :: 
	a : [3, 7, 5, 8, 13, 9, 18, 4, 6, 1, 11, 16, 12, 14, 15, 10]
	b : [1, 4, 16, 9, 11, 15, 3, 13, 18]
DEBUG    [2021-03-29 14:29:22,1617049762] :: intersect :: 
	a : [3, 7, 5, 8, 13, 9, 18, 4, 6, 1, 11, 16, 12, 14, 15, 10]
	b : [1, 4, 16, 9, 11, 15, 3, 13, 18]
DEBUG    [2021-03-29 14:29:22,1617049762] :: <module> :: size 9 : 	intersection -- [1, 3, 4, 9, 11, 13, 15, 16, 18]
DEBUG    [2021-03-29 14:29:22,1617049762] :: union :: 
	a : [3, 7, 5, 8, 13, 9, 18, 4, 6, 1, 11, 16, 12, 14, 15, 10]
	b : [1, 4, 16, 9, 11, 15, 3, 13, 18]
DEBUG    [2021-03-29 14:29:22,1617049762] :: union :: 
	a : [3, 7, 5, 8, 13, 9, 18, 4, 6, 1, 11, 16, 12, 14, 15, 10]
	b : [1, 4, 16, 9, 11, 15, 3, 13, 18]
DEBUG    [2021-03-29 14:29:22,1617049762] :: <module> :: size 16 : 	union		 -- [1, 3, 4, 5, 6, 7, 8, 9, 10, 11, 12, 13, 14, 15, 16, 18]
DEBUG    [2021-03-29 14:29:22,1617049762] :: difference :: 
	a : [3, 7, 5, 8, 13, 9, 18, 4, 6, 1, 11, 16, 12, 14, 15, 10]
	b : [1, 4, 16, 9, 11, 15, 3, 13, 18]
DEBUG    [2021-03-29 14:29:22,1617049762] :: difference :: 
	a : [3, 7, 5, 8, 13, 9, 18, 4, 6, 1, 11, 16, 12, 14, 15, 10]
	b : [1, 4, 16, 9, 11, 15, 3, 13, 18]
DEBUG    [2021-03-29 14:29:22,1617049762] :: <module> :: size 7 : 	difference	 -- [5, 6, 7, 8, 10, 12, 14]
INFO     [2021-03-29 14:29:22,1617049762] :: <module> :: 
script END

INFO     [2021-03-29 14:29:37,1617049777] :: <module> :: 
script START
CRITICAL [2021-03-29 14:29:37,1617049777] :: <module> :: crit msg  66 
WARNING  [2021-03-29 14:29:37,1617049777] :: <module> :: warning msg  87 
DEBUG    [2021-03-29 14:29:37,1617049777] :: <module> :: maxRange == 20 
ERROR    [2021-03-29 14:29:37,1617049777] :: <module> :: rndsize1 == 8 
INFO     [2021-03-29 14:29:37,1617049777] :: <module> :: rndsize2 == 12 
DEBUG    [2021-03-29 14:29:37,1617049777] :: <module> :: size 7 : 	randomlist1	 -- [10, 15, 8, 13, 12, 7, 14]
DEBUG    [2021-03-29 14:29:37,1617049777] :: <module> :: size 11 : 	randomlist2	 -- [11, 7, 15, 18, 2, 17, 5, 10, 9, 12, 1]

DEBUG    [2021-03-29 14:29:37,1617049777] :: intersect :: 
	a : [10, 15, 8, 13, 12, 7, 14]
	b : [11, 7, 15, 18, 2, 17, 5, 10, 9, 12, 1]
DEBUG    [2021-03-29 14:29:37,1617049777] :: intersect :: 
	a : [10, 15, 8, 13, 12, 7, 14]
	b : [11, 7, 15, 18, 2, 17, 5, 10, 9, 12, 1]
DEBUG    [2021-03-29 14:29:37,1617049777] :: <module> :: size 4 : 	intersection -- [10, 12, 15, 7]
DEBUG    [2021-03-29 14:29:37,1617049777] :: union :: 
	a : [10, 15, 8, 13, 12, 7, 14]
	b : [11, 7, 15, 18, 2, 17, 5, 10, 9, 12, 1]
DEBUG    [2021-03-29 14:29:37,1617049777] :: union :: 
	a : [10, 15, 8, 13, 12, 7, 14]
	b : [11, 7, 15, 18, 2, 17, 5, 10, 9, 12, 1]
DEBUG    [2021-03-29 14:29:37,1617049777] :: <module> :: size 14 : 	union		 -- [1, 2, 5, 7, 8, 9, 10, 11, 12, 13, 14, 15, 17, 18]
DEBUG    [2021-03-29 14:29:37,1617049777] :: difference :: 
	a : [10, 15, 8, 13, 12, 7, 14]
	b : [11, 7, 15, 18, 2, 17, 5, 10, 9, 12, 1]
DEBUG    [2021-03-29 14:29:37,1617049777] :: difference :: 
	a : [10, 15, 8, 13, 12, 7, 14]
	b : [11, 7, 15, 18, 2, 17, 5, 10, 9, 12, 1]
DEBUG    [2021-03-29 14:29:37,1617049777] :: <module> :: size 10 : 	difference	 -- [8, 13, 14, 1, 2, 5, 9, 11, 17, 18]
INFO     [2021-03-29 14:29:37,1617049777] :: <module> :: 
script END

